# JRE version: Java(TM) SE Runtime Environment (8.0_141-b15) (build 1.8.0_141-b15)
# Java VM: Java HotSpot(TM) 64-Bit Server VM (25.141-b15 mixed mode windows-amd64 compressed oops)
Heap:
 PSYoungGen      total 256000K, used 137737K [0x0000000770a00000, 0x0000000788900000, 0x00000007c0000000)
  eden space 244224K, 56% used [0x0000000770a00000,0x00000007790827e8,0x000000077f880000)
  from space 11776K, 0% used [0x0000000787d80000,0x0000000787d80000,0x0000000788900000)
  to   space 9728K, 0% used [0x000000077f880000,0x000000077f880000,0x0000000780200000)
 ParOldGen       total 123904K, used 19193K [0x00000006d1e00000, 0x00000006d9700000, 0x0000000770a00000)
  object space 123904K, 15% used [0x00000006d1e00000,0x00000006d30be618,0x00000006d9700000)
 Metaspace       used 38022K, capacity 40038K, committed 40320K, reserved 1087488K
  class space    used 5044K, capacity 5437K, committed 5504K, reserved 1048576K
GC Heap History (10 events):
Event: 3.679 GC heap before
{Heap before GC invocations=6 (full 1):
 PSYoungGen      total 133120K, used 6235K [0x0000000770a00000, 0x0000000780d00000, 0x00000007c0000000)
  eden space 122880K, 0% used [0x0000000770a00000,0x0000000770a00000,0x0000000778200000)
  from space 10240K, 60% used [0x0000000778200000,0x0000000778816d08,0x0000000778c00000)
  to   space 9728K, 0% used [0x0000000780380000,0x0000000780380000,0x0000000780d00000)
 ParOldGen       total 163840K, used 48K [0x00000006d1e00000, 0x00000006dbe00000, 0x0000000770a00000)
  object space 163840K, 0% used [0x00000006d1e00000,0x00000006d1e0c000,0x00000006dbe00000)
 Metaspace       used 20537K, capacity 21238K, committed 21296K, reserved 1067008K
  class space    used 2701K, capacity 2890K, committed 2944K, reserved 1048576K
Event: 3.707 GC heap after
Heap after GC invocations=6 (full 1):
 PSYoungGen      total 133120K, used 0K [0x0000000770a00000, 0x0000000780d00000, 0x00000007c0000000)
  eden space 122880K, 0% used [0x0000000770a00000,0x0000000770a00000,0x0000000778200000)
  from space 10240K, 0% used [0x0000000778200000,0x0000000778200000,0x0000000778c00000)
  to   space 9728K, 0% used [0x0000000780380000,0x0000000780380000,0x0000000780d00000)
 ParOldGen       total 80896K, used 6071K [0x00000006d1e00000, 0x00000006d6d00000, 0x0000000770a00000)
  object space 80896K, 7% used [0x00000006d1e00000,0x00000006d23edce0,0x00000006d6d00000)
 Metaspace       used 20535K, capacity 21232K, committed 21296K, reserved 1067008K
  class space    used 2701K, capacity 2889K, committed 2944K, reserved 1048576K
}
Event: 5.526 GC heap before
{Heap before GC invocations=7 (full 1):
 PSYoungGen      total 133120K, used 122880K [0x0000000770a00000, 0x0000000780d00000, 0x00000007c0000000)
  eden space 122880K, 100% used [0x0000000770a00000,0x0000000778200000,0x0000000778200000)
  from space 10240K, 0% used [0x0000000778200000,0x0000000778200000,0x0000000778c00000)
  to   space 9728K, 0% used [0x0000000780380000,0x0000000780380000,0x0000000780d00000)
 ParOldGen       total 80896K, used 6071K [0x00000006d1e00000, 0x00000006d6d00000, 0x0000000770a00000)
  object space 80896K, 7% used [0x00000006d1e00000,0x00000006d23edce0,0x00000006d6d00000)
 Metaspace       used 23651K, capacity 24682K, committed 24960K, reserved 1071104K
  class space    used 3165K, capacity 3410K, committed 3456K, reserved 1048576K
Event: 5.533 GC heap after
Heap after GC invocations=7 (full 1):
 PSYoungGen      total 223232K, used 8089K [0x0000000770a00000, 0x0000000780b80000, 0x00000007c0000000)
  eden space 215040K, 0% used [0x0000000770a00000,0x0000000770a00000,0x000000077dc00000)
  from space 8192K, 98% used [0x0000000780380000,0x0000000780b66440,0x0000000780b80000)
  to   space 9728K, 0% used [0x000000077f880000,0x000000077f880000,0x0000000780200000)
 ParOldGen       total 80896K, used 6079K [0x00000006d1e00000, 0x00000006d6d00000, 0x0000000770a00000)
  object space 80896K, 7% used [0x00000006d1e00000,0x00000006d23efce0,0x00000006d6d00000)
 Metaspace       used 23651K, capacity 24682K, committed 24960K, reserved 1071104K
  class space    used 3165K, capacity 3410K, committed 3456K, reserved 1048576K
}
Event: 6.928 GC heap before
{Heap before GC invocations=8 (full 1):
 PSYoungGen      total 223232K, used 223129K [0x0000000770a00000, 0x0000000780b80000, 0x00000007c0000000)
  eden space 215040K, 100% used [0x0000000770a00000,0x000000077dc00000,0x000000077dc00000)
  from space 8192K, 98% used [0x0000000780380000,0x0000000780b66440,0x0000000780b80000)
  to   space 9728K, 0% used [0x000000077f880000,0x000000077f880000,0x0000000780200000)
 ParOldGen       total 80896K, used 6079K [0x00000006d1e00000, 0x00000006d6d00000, 0x0000000770a00000)
  object space 80896K, 7% used [0x00000006d1e00000,0x00000006d23efce0,0x00000006d6d00000)
 Metaspace       used 27775K, capacity 29092K, committed 29184K, reserved 1075200K
  class space    used 3766K, capacity 4072K, committed 4096K, reserved 1048576K
Event: 6.941 GC heap after
Heap after GC invocations=8 (full 1):
 PSYoungGen      total 253952K, used 9711K [0x0000000770a00000, 0x0000000788900000, 0x00000007c0000000)
  eden space 244224K, 0% used [0x0000000770a00000,0x0000000770a00000,0x000000077f880000)
  from space 9728K, 99% used [0x000000077f880000,0x00000007801fbcb0,0x0000000780200000)
  to   space 11776K, 0% used [0x0000000787d80000,0x0000000787d80000,0x0000000788900000)
 ParOldGen       total 80896K, used 8771K [0x00000006d1e00000, 0x00000006d6d00000, 0x0000000770a00000)
  object space 80896K, 10% used [0x00000006d1e00000,0x00000006d2690c38,0x00000006d6d00000)
 Metaspace       used 27775K, capacity 29092K, committed 29184K, reserved 1075200K
  class space    used 3766K, capacity 4072K, committed 4096K, reserved 1048576K
}
Event: 8.144 GC heap before
{Heap before GC invocations=9 (full 1):
 PSYoungGen      total 253952K, used 158347K [0x0000000770a00000, 0x0000000788900000, 0x00000007c0000000)
  eden space 244224K, 60% used [0x0000000770a00000,0x0000000779b270f0,0x000000077f880000)
  from space 9728K, 99% used [0x000000077f880000,0x00000007801fbcb0,0x0000000780200000)
  to   space 11776K, 0% used [0x0000000787d80000,0x0000000787d80000,0x0000000788900000)
 ParOldGen       total 80896K, used 8771K [0x00000006d1e00000, 0x00000006d6d00000, 0x0000000770a00000)
  object space 80896K, 10% used [0x00000006d1e00000,0x00000006d2690c38,0x00000006d6d00000)
 Metaspace       used 33938K, capacity 35444K, committed 35496K, reserved 1079296K
  class space    used 4517K, capacity 4860K, committed 4864K, reserved 1048576K
Event: 8.158 GC heap after
Heap after GC invocations=9 (full 1):
 PSYoungGen      total 256000K, used 11754K [0x0000000770a00000, 0x0000000788900000, 0x00000007c0000000)
  eden space 244224K, 0% used [0x0000000770a00000,0x0000000770a00000,0x000000077f880000)
  from space 11776K, 99% used [0x0000000787d80000,0x00000007888fa950,0x0000000788900000)
  to   space 9728K, 0% used [0x000000077f880000,0x000000077f880000,0x0000000780200000)
 ParOldGen       total 80896K, used 11000K [0x00000006d1e00000, 0x00000006d6d00000, 0x0000000770a00000)
  object space 80896K, 13% used [0x00000006d1e00000,0x00000006d28be068,0x00000006d6d00000)
 Metaspace       used 33938K, capacity 35444K, committed 35496K, reserved 1079296K
  class space    used 4517K, capacity 4860K, committed 4864K, reserved 1048576K
}
Event: 8.158 GC heap before
{Heap before GC invocations=10 (full 2):
 PSYoungGen      total 256000K, used 11754K [0x0000000770a00000, 0x0000000788900000, 0x00000007c0000000)
  eden space 244224K, 0% used [0x0000000770a00000,0x0000000770a00000,0x000000077f880000)
  from space 11776K, 99% used [0x0000000787d80000,0x00000007888fa950,0x0000000788900000)
  to   space 9728K, 0% used [0x000000077f880000,0x000000077f880000,0x0000000780200000)
 ParOldGen       total 80896K, used 11000K [0x00000006d1e00000, 0x00000006d6d00000, 0x0000000770a00000)
  object space 80896K, 13% used [0x00000006d1e00000,0x00000006d28be068,0x00000006d6d00000)
 Metaspace       used 33938K, capacity 35444K, committed 35496K, reserved 1079296K
  class space    used 4517K, capacity 4860K, committed 4864K, reserved 1048576K
Event: 8.210 GC heap after
Heap after GC invocations=10 (full 2):
 PSYoungGen      total 256000K, used 0K [0x0000000770a00000, 0x0000000788900000, 0x00000007c0000000)
  eden space 244224K, 0% used [0x0000000770a00000,0x0000000770a00000,0x000000077f880000)
  from space 11776K, 0% used [0x0000000787d80000,0x0000000787d80000,0x0000000788900000)
  to   space 9728K, 0% used [0x000000077f880000,0x000000077f880000,0x0000000780200000)
 ParOldGen       total 123904K, used 19193K [0x00000006d1e00000, 0x00000006d9700000, 0x0000000770a00000)
  object space 123904K, 15% used [0x00000006d1e00000,0x00000006d30be618,0x00000006d9700000)
 Metaspace       used 33938K, capacity 35444K, committed 35496K, reserved 1079296K
  class space    used 4517K, capacity 4860K, committed 4864K, reserved 1048576K
}

